000 (4860517.000.000) 2026-06-23 14:49:19 Job submitted from host: <145.107.7.246:9618?addrs=145.107.7.246-9618+[2a07-8500-120-e070--3f6]-9618&alias=taai-007.nikhef.nl&noUDP&sock=schedd_2588_bb30>
...
001 (4860517.000.000) 2026-06-23 14:49:51 Job executing on host: <145.107.4.136:9618?addrs=145.107.4.136-9618+[2a07-8500-120-e070--88]-9618&alias=wn-lot-009.nikhef.nl&noUDP&sock=startd_1647_4892>
	SlotName: slot1_2@wn-lot-009.nikhef.nl
	AvailableGPUs = { GPUs_GPU_f083d23b_d951_aae7_f977_3535cf23ba97 }
	CondorScratchDir = "/scratch/condor_execute/dir_300992"
	Cpus = 1
	Disk = 4195850
	GPUs = 1
	GPUs_GPU_f083d23b_d951_aae7_f977_3535cf23ba97 = [ Id = "GPU-f083d23b-d951-aae7-f977-3535cf23ba97"; ClockMhz = 1380.0; Capability = 7.0; CoresPerCU = 64; DeviceName = "Tesla V100-PCIE-32GB"; DeviceUuid = "f083d23b-d951-aae7-f977-3535cf23ba97"; ECCEnabled = true; ComputeUnits = 80; NvidiaDriver = "580.159.04"; DriverVersion = 13.0; DevicePciBusId = "0000:81:00.0"; GlobalMemoryMb = 32494; MaxSupportedVersion = 13000 ]
	Memory = 8192
...
006 (4860517.000.000) 2026-06-23 14:49:56 Image size of job updated: 175024
	0  -  MemoryUsage of job (MB)
	0  -  ResidentSetSize of job (KB)
...
005 (4860517.000.000) 2026-06-23 14:49:56 Job terminated.
	(1) Normal termination (return value 0)
		Usr 0 00:00:02, Sys 0 00:00:00  -  Run Remote Usage
		Usr 0 00:00:00, Sys 0 00:00:00  -  Run Local Usage
		Usr 0 00:00:02, Sys 0 00:00:00  -  Total Remote Usage
		Usr 0 00:00:00, Sys 0 00:00:00  -  Total Local Usage
	0  -  Run Bytes Sent By Job
	0  -  Run Bytes Received By Job
	0  -  Total Bytes Sent By Job
	0  -  Total Bytes Received By Job
	Partitionable Resources :    Usage  Request Allocated Assigned
	   Cpus                 :        0        1         1 
	   Disk (KB)            :        1  4194304   4195850 
	   GPUs                 :                 1         1 "GPU-f083d23b-d951-aae7-f977-3535cf23ba97"
	   Memory (MB)          :        0     8192      8192 
	   TimeExecute (s)      :        5                    
	   TimeSlotBusy (s)     :        6                    
...
